#
# A fatal error has been detected by the Java Runtime Environment:
#
#  SIGSEGV (0xb) at pc=0x00007fff955260dd, pid=6082, tid=1299
#
# JRE version: Java(TM) SE Runtime Environment (8.0_40-b26) (build 1.8.0_40-b26)
# Java VM: Java HotSpot(TM) 64-Bit Server VM (25.40-b25 mixed mode bsd-amd64 compressed oops)
# Problematic frame:
# C  [libobjc.A.dylib+0x10dd]  objc_msgSend+0x1d
#
# Failed to write core dump. Core dumps have been disabled. To enable core dumping, try "ulimit -c unlimited" before starting Java again
#
# If you would like to submit a bug report, please visit:
#   http://bugreport.java.com/bugreport/crash.jsp
# The crash happened outside the Java Virtual Machine in native code.
# See problematic frame for where to report the bug.
#

---------------  T H R E A D  ---------------

Current thread (0x00007f8243a86800):  JavaThread "JavaFX Application Thread" [_thread_in_native, id=1299, stack(0x00007fff53535000,0x00007fff53d35000)]

siginfo: si_signo: 11 (SIGSEGV), si_code: 1 (SEGV_MAPERR), si_addr: 0x0000000000000018

Registers:
RAX=0x000000010c7d1100, RBX=0x00007f8243a869f8, RCX=0x00007f8242e889c0, RDX=0x0000000000000004
RSP=0x00007fff53d23198, RBP=0x00007fff53d235e0, RSI=0x0000000126980c90, RDI=0x00007f8247e0f6e0
R8 =0x00007f8242c2eff0, R9 =0x0000000000000000, R10=0x0000000126980c90, R11=0x0000000000000000
R12=0x0000000000000634, R13=0x0000000000000000, R14=0x0000000000000002, R15=0x000000010c2d9697
RIP=0x00007fff955260dd, EFLAGS=0x0000000000010246, ERR=0x0000000000000004
  TRAPNO=0x000000000000000e

Top of Stack: (sp=0x00007fff53d23198)
0x00007fff53d23198:   0000000126967fee 0000000053d231e0
0x00007fff53d231a8:   000000000000000b 00007fff778d70d0
0x00007fff53d231b8:   0000000042000000 00007f8247e09ec0
0x00007fff53d231c8:   00007f8243a869f8 00007f8242e889c0
0x00007fff53d231d8:   0000000000000000 00007f8247e08190
0x00007fff53d231e8:   00007fff53d231e0 0000003002000000
0x00007fff53d231f8:   0000000000000003 00007fff53d23238
0x00007fff53d23208:   00007f8247e081a8 0000000000000000
0x00007fff53d23218:   0000000000000000 0000000000000000
0x00007fff53d23228:   0000000000000000 0000000000000000
0x00007fff53d23238:   00007f8247e11ef0 00007f8247e45ac0
0x00007fff53d23248:   00007fff53d23240 0000003002000000
0x00007fff53d23258:   00007fff907fafe0 00007fff907fb000
0x00007fff53d23268:   0000000000000000 000000f800000000
0x00007fff53d23278:   000000000000001d 408579e000000000
0x00007fff53d23288:   4081521800000000 0000000000000000
0x00007fff53d23298:   0000000000000000 00001dee2b19da18
0x00007fff53d232a8:   0000000000000100 0000000000000000
0x00007fff53d232b8:   0000000000000000 0000000400000000
0x00007fff53d232c8:   0000000000000000 0000000000000001
0x00007fff53d232d8:   00000001000002bb 00000000000017c2
0x00007fff53d232e8:   000354fb000ce0ce 0000000000000000
0x00007fff53d232f8:   0000000000000000 0000000000000000
0x00007fff53d23308:   0000000000000000 0000000000000000
0x00007fff53d23318:   0000000000000000 0000000000000000
0x00007fff53d23328:   0000000000000000 0000000000000000
0x00007fff53d23338:   0000000000000000 00007f8247e44540
0x00007fff53d23348:   0000000000000000 00007f8247e2d190
0x00007fff53d23358:   0000000000000000 0000000000000000
0x00007fff53d23368:   4081521800000000 cb0072e1ff8e6671
0x00007fff53d23378:   0000000000000000 00007f8247e1a7a0
0x00007fff53d23388:   0000000000000008 0000000000000000 

Instructions: (pc=0x00007fff955260dd)
0x00007fff955260bd:   00 00 00 48 85 ff 2e 74 7a 40 f6 c7 01 2e 75 7e
0x00007fff955260cd:   49 bb f8 ff ff ff ff 7f 00 00 4c 23 1f 49 89 f2
0x00007fff955260dd:   45 23 53 18 49 c1 e2 04 4d 03 53 10 49 3b 32 75
0x00007fff955260ed:   04 41 ff 62 08 49 83 3a 00 74 6a 4d 3b 53 10 74 

Register to memory mapping:

RAX=0x000000010c7d1100: jni_NativeInterface+0 in /Library/Java/JavaVirtualMachines/jdk1.8.0_40.jdk/Contents/Home/jre/lib/server/libjvm.dylib at 0x000000010bfca000
RBX=0x00007f8243a869f8 is an unknown value
RCX=0x00007f8242e889c0 is an unknown value
RDX=0x0000000000000004 is an unknown value
RSP=0x00007fff53d23198 is pointing into the stack for thread: 0x00007f8243a86800
RBP=0x00007fff53d235e0 is pointing into the stack for thread: 0x00007f8243a86800
RSI=0x0000000126980c90: __FUNCTION__.97860+0x268 in /Library/Java/JavaVirtualMachines/jdk1.8.0_40.jdk/Contents/Home/jre/lib/libglass.dylib at 0x0000000126950000
RDI=0x00007f8247e0f6e0 is an unknown value
R8 =0x00007f8242c2eff0 is an unknown value
R9 =0x0000000000000000 is an unknown value
R10=0x0000000126980c90: __FUNCTION__.97860+0x268 in /Library/Java/JavaVirtualMachines/jdk1.8.0_40.jdk/Contents/Home/jre/lib/libglass.dylib at 0x0000000126950000
R11=0x0000000000000000 is an unknown value
R12=0x0000000000000634 is an unknown value
R13=0x0000000000000000 is an unknown value
R14=0x0000000000000002 is an unknown value
R15=0x000000010c2d9697: jni_CallStaticVoidMethod+0 in /Library/Java/JavaVirtualMachines/jdk1.8.0_40.jdk/Contents/Home/jre/lib/server/libjvm.dylib at 0x000000010bfca000


Stack: [0x00007fff53535000,0x00007fff53d35000],  sp=0x00007fff53d23198,  free space=8120k
Native frames: (J=compiled Java code, j=interpreted, Vv=VM code, C=native code)
C  [libobjc.A.dylib+0x10dd]  objc_msgSend+0x1d
C  [libglass.dylib+0x1769e]  listenTouchEvents+0x5e
C  [CoreGraphics+0x151e27]  processEventTapData+0x2ca
C  [CoreGraphics+0x151a3a]  _CGYPostEventTapData+0xdd
C  [CoreGraphics+0x2d8ec9]  _XPostEventTapData+0x59
C  [CoreGraphics+0x2d8fb2]  CGYEventTap_server+0x56
C  [CoreGraphics+0x151b22]  eventTapMessageHandler+0x2e
C  [CoreFoundation+0x80d87]  __CFMachPortPerform+0xf7
C  [CoreFoundation+0x80c79]  __CFRUNLOOP_IS_CALLING_OUT_TO_A_SOURCE1_PERFORM_FUNCTION__+0x29
C  [CoreFoundation+0x80beb]  __CFRunLoopDoSource1+0x1db
C  [CoreFoundation+0x72767]  __CFRunLoopRun+0x947
C  [CoreFoundation+0x71bd8]  CFRunLoopRunSpecific+0x128
C  [HIToolbox+0x3256f]  RunCurrentEventLoopInMode+0xeb
C  [HIToolbox+0x321ee]  ReceiveNextEventCommon+0xb3
C  [HIToolbox+0x3212b]  _BlockUntilNextEventMatchingListInModeWithFilter+0x47
C  [AppKit+0x919bb]  _DPSNextEvent+0x3d2
C  [AppKit+0x90f68]  -[NSApplication nextEventMatchingMask:untilDate:inMode:dequeue:]+0x15a
C  [libglass.dylib+0x4371]  +[GlassApplication enterNestedEventLoopWithEnv:]+0x81
C  [libglass.dylib+0x6280]  Java_com_sun_glass_ui_mac_MacApplication__1enterNestedEventLoopImpl+0x50
j  com.sun.glass.ui.mac.MacApplication._enterNestedEventLoopImpl()Ljava/lang/Object;+0
j  com.sun.glass.ui.mac.MacApplication._enterNestedEventLoop()Ljava/lang/Object;+15
j  com.sun.glass.ui.Application.enterNestedEventLoop()Ljava/lang/Object;+14
j  com.sun.glass.ui.EventLoop.enter()Ljava/lang/Object;+42
j  com.sun.javafx.tk.quantum.QuantumToolkit.enterNestedEventLoop(Ljava/lang/Object;)Ljava/lang/Object;+107
j  javafx.stage.Stage.showAndWait()V+74
j  sepm.ss15.grp16.gui.controller.User.LoginController.loginButtonClicked()V+266
v  ~StubRoutines::call_stub
V  [libjvm.dylib+0x2e036e]
V  [libjvm.dylib+0x4b4152]
V  [libjvm.dylib+0x4b466c]
V  [libjvm.dylib+0x330544]
J 2188  sun.reflect.NativeMethodAccessorImpl.invoke0(Ljava/lang/reflect/Method;Ljava/lang/Object;[Ljava/lang/Object;)Ljava/lang/Object; (0 bytes) @ 0x000000010e01826d [0x000000010e018180+0xed]
J 2187 C1 sun.reflect.NativeMethodAccessorImpl.invoke(Ljava/lang/Object;[Ljava/lang/Object;)Ljava/lang/Object; (104 bytes) @ 0x000000010e01c694 [0x000000010e01b4c0+0x11d4]
J 2192 C1 sun.reflect.DelegatingMethodAccessorImpl.invoke(Ljava/lang/Object;[Ljava/lang/Object;)Ljava/lang/Object; (10 bytes) @ 0x000000010e017b4c [0x000000010e017a40+0x10c]
J 2191 C1 java.lang.reflect.Method.invoke(Ljava/lang/Object;[Ljava/lang/Object;)Ljava/lang/Object; (62 bytes) @ 0x000000010e01aed4 [0x000000010e01aae0+0x3f4]
j  sun.reflect.misc.Trampoline.invoke(Ljava/lang/reflect/Method;Ljava/lang/Object;[Ljava/lang/Object;)Ljava/lang/Object;+7
j  sun.reflect.GeneratedMethodAccessor4.invoke(Ljava/lang/Object;[Ljava/lang/Object;)Ljava/lang/Object;+40
J 2192 C1 sun.reflect.DelegatingMethodAccessorImpl.invoke(Ljava/lang/Object;[Ljava/lang/Object;)Ljava/lang/Object; (10 bytes) @ 0x000000010e017b4c [0x000000010e017a40+0x10c]
J 2191 C1 java.lang.reflect.Method.invoke(Ljava/lang/Object;[Ljava/lang/Object;)Ljava/lang/Object; (62 bytes) @ 0x000000010e01aed4 [0x000000010e01aae0+0x3f4]
j  sun.reflect.misc.MethodUtil.invoke(Ljava/lang/reflect/Method;Ljava/lang/Object;[Ljava/lang/Object;)Ljava/lang/Object;+20
j  javafx.fxml.FXMLLoader$MethodHandler.invoke([Ljava/lang/Object;)V+38
j  javafx.fxml.FXMLLoader$ControllerMethodEventHandler.handle(Ljavafx/event/Event;)V+12
J 3378 C1 com.sun.javafx.event.CompositeEventHandler.dispatchBubblingEvent(Ljavafx/event/Event;)V (57 bytes) @ 0x000000010e35e554 [0x000000010e35e180+0x3d4]
J 3011 C1 com.sun.javafx.event.EventHandlerManager.dispatchBubblingEvent(Ljavafx/event/Event;)Ljavafx/event/Event; (23 bytes) @ 0x000000010e224c64 [0x000000010e2245c0+0x6a4]
J 3010 C1 com.sun.javafx.event.CompositeEventDispatcher.dispatchBubblingEvent(Ljavafx/event/Event;)Ljavafx/event/Event; (35 bytes) @ 0x000000010e22561c [0x000000010e225460+0x1bc]
J 2783 C1 com.sun.javafx.event.BasicEventDispatcher.dispatchEvent(Ljavafx/event/Event;Ljavafx/event/EventDispatchChain;)Ljavafx/event/Event; (44 bytes) @ 0x000000010e18ba74 [0x000000010e18b740+0x334]
J 2734 C1 com.sun.javafx.event.EventDispatchChainImpl.dispatchEvent(Ljavafx/event/Event;)Ljavafx/event/Event; (101 bytes) @ 0x000000010e1671d4 [0x000000010e167020+0x1b4]
J 2783 C1 com.sun.javafx.event.BasicEventDispatcher.dispatchEvent(Ljavafx/event/Event;Ljavafx/event/EventDispatchChain;)Ljavafx/event/Event; (44 bytes) @ 0x000000010e18b98c [0x000000010e18b740+0x24c]
J 2734 C1 com.sun.javafx.event.EventDispatchChainImpl.dispatchEvent(Ljavafx/event/Event;)Ljavafx/event/Event; (101 bytes) @ 0x000000010e1671d4 [0x000000010e167020+0x1b4]
J 2783 C1 com.sun.javafx.event.BasicEventDispatcher.dispatchEvent(Ljavafx/event/Event;Ljavafx/event/EventDispatchChain;)Ljavafx/event/Event; (44 bytes) @ 0x000000010e18b98c [0x000000010e18b740+0x24c]
J 2734 C1 com.sun.javafx.event.EventDispatchChainImpl.dispatchEvent(Ljavafx/event/Event;)Ljavafx/event/Event; (101 bytes) @ 0x000000010e1671d4 [0x000000010e167020+0x1b4]
J 2783 C1 com.sun.javafx.event.BasicEventDispatcher.dispatchEvent(Ljavafx/event/Event;Ljavafx/event/EventDispatchChain;)Ljavafx/event/Event; (44 bytes) @ 0x000000010e18b98c [0x000000010e18b740+0x24c]
J 2734 C1 com.sun.javafx.event.EventDispatchChainImpl.dispatchEvent(Ljavafx/event/Event;)Ljavafx/event/Event; (101 bytes) @ 0x000000010e1671d4 [0x000000010e167020+0x1b4]
J 3347 C1 com.sun.javafx.event.EventUtil.fireEvent(Ljavafx/event/EventTarget;Ljavafx/event/Event;)Ljavafx/event/Event; (81 bytes) @ 0x000000010e34d81c [0x000000010e34cc40+0xbdc]
J 3346 C1 javafx.event.Event.fireEvent(Ljavafx/event/EventTarget;Ljavafx/event/Event;)V (35 bytes) @ 0x000000010e33502c [0x000000010e334f60+0xcc]
j  javafx.scene.Node.fireEvent(Ljavafx/event/Event;)V+86
j  javafx.scene.control.Button.fire()V+15
j  com.sun.javafx.scene.control.behavior.ButtonBehavior.mouseReleased(Ljavafx/scene/input/MouseEvent;)V+23
j  com.sun.javafx.scene.control.skin.BehaviorSkinBase$1.handle(Ljavafx/scene/input/MouseEvent;)V+83
j  com.sun.javafx.scene.control.skin.BehaviorSkinBase$1.handle(Ljavafx/event/Event;)V+5
J 3382 C1 com.sun.javafx.event.CompositeEventHandler$NormalEventHandlerRecord.handleBubblingEvent(Ljavafx/event/Event;)V (11 bytes) @ 0x000000010e36014c [0x000000010e360040+0x10c]
J 3378 C1 com.sun.javafx.event.CompositeEventHandler.dispatchBubblingEvent(Ljavafx/event/Event;)V (57 bytes) @ 0x000000010e35e3c4 [0x000000010e35e180+0x244]
J 3011 C1 com.sun.javafx.event.EventHandlerManager.dispatchBubblingEvent(Ljavafx/event/Event;)Ljavafx/event/Event; (23 bytes) @ 0x000000010e224c64 [0x000000010e2245c0+0x6a4]
J 3010 C1 com.sun.javafx.event.CompositeEventDispatcher.dispatchBubblingEvent(Ljavafx/event/Event;)Ljavafx/event/Event; (35 bytes) @ 0x000000010e22561c [0x000000010e225460+0x1bc]
J 2783 C1 com.sun.javafx.event.BasicEventDispatcher.dispatchEvent(Ljavafx/event/Event;Ljavafx/event/EventDispatchChain;)Ljavafx/event/Event; (44 bytes) @ 0x000000010e18ba74 [0x000000010e18b740+0x334]
J 2734 C1 com.sun.javafx.event.EventDispatchChainImpl.dispatchEvent(Ljavafx/event/Event;)Ljavafx/event/Event; (101 bytes) @ 0x000000010e1671d4 [0x000000010e167020+0x1b4]
J 2783 C1 com.sun.javafx.event.BasicEventDispatcher.dispatchEvent(Ljavafx/event/Event;Ljavafx/event/EventDispatchChain;)Ljavafx/event/Event; (44 bytes) @ 0x000000010e18b98c [0x000000010e18b740+0x24c]
J 2734 C1 com.sun.javafx.event.EventDispatchChainImpl.dispatchEvent(Ljavafx/event/Event;)Ljavafx/event/Event; (101 bytes) @ 0x000000010e1671d4 [0x000000010e167020+0x1b4]
J 2783 C1 com.sun.javafx.event.BasicEventDispatcher.dispatchEvent(Ljavafx/event/Event;Ljavafx/event/EventDispatchChain;)Ljavafx/event/Event; (44 bytes) @ 0x000000010e18b98c [0x000000010e18b740+0x24c]
J 2734 C1 com.sun.javafx.event.EventDispatchChainImpl.dispatchEvent(Ljavafx/event/Event;)Ljavafx/event/Event; (101 bytes) @ 0x000000010e1671d4 [0x000000010e167020+0x1b4]
J 2783 C1 com.sun.javafx.event.BasicEventDispatcher.dispatchEvent(Ljavafx/event/Event;Ljavafx/event/EventDispatchChain;)Ljavafx/event/Event; (44 bytes) @ 0x000000010e18b98c [0x000000010e18b740+0x24c]
J 2734 C1 com.sun.javafx.event.EventDispatchChainImpl.dispatchEvent(Ljavafx/event/Event;)Ljavafx/event/Event; (101 bytes) @ 0x000000010e1671d4 [0x000000010e167020+0x1b4]
J 3347 C1 com.sun.javafx.event.EventUtil.fireEvent(Ljavafx/event/EventTarget;Ljavafx/event/Event;)Ljavafx/event/Event; (81 bytes) @ 0x000000010e34d36c [0x000000010e34cc40+0x72c]
J 3346 C1 javafx.event.Event.fireEvent(Ljavafx/event/EventTarget;Ljavafx/event/Event;)V (35 bytes) @ 0x000000010e33502c [0x000000010e334f60+0xcc]
j  javafx.scene.Scene$MouseHandler.process(Ljavafx/scene/input/MouseEvent;Z)V+491
j  javafx.scene.Scene$MouseHandler.access$1500(Ljavafx/scene/Scene$MouseHandler;Ljavafx/scene/input/MouseEvent;Z)V+3
j  javafx.scene.Scene.impl_processMouseEvent(Ljavafx/scene/input/MouseEvent;)V+6
j  javafx.scene.Scene$ScenePeerListener.mouseEvent(Ljavafx/event/EventType;DDDDLjavafx/scene/input/MouseButton;ZZZZZZZZZ)V+46
j  com.sun.javafx.tk.quantum.GlassViewEventHandler$MouseEventNotification.run()Ljava/lang/Void;+438
j  com.sun.javafx.tk.quantum.GlassViewEventHandler$MouseEventNotification.run()Ljava/lang/Object;+1
v  ~StubRoutines::call_stub
V  [libjvm.dylib+0x2e036e]
V  [libjvm.dylib+0x33885c]
J 1954  java.security.AccessController.doPrivileged(Ljava/security/PrivilegedAction;Ljava/security/AccessControlContext;)Ljava/lang/Object; (0 bytes) @ 0x000000010df69215 [0x000000010df69140+0xd5]
j  com.sun.javafx.tk.quantum.GlassViewEventHandler.lambda$handleMouseEvent$350()Ljava/lang/Void;+11
j  com.sun.javafx.tk.quantum.GlassViewEventHandler$$Lambda$208.get()Ljava/lang/Object;+4
J 2540 C1 com.sun.javafx.tk.quantum.QuantumToolkit.runWithoutRenderLock(Ljava/util/function/Supplier;)Ljava/lang/Object; (49 bytes) @ 0x000000010e0ee5f4 [0x000000010e0ee0c0+0x534]
j  com.sun.javafx.tk.quantum.GlassViewEventHandler.handleMouseEvent(Lcom/sun/glass/ui/View;JIIIIIIIZZ)V+103
j  com.sun.glass.ui.View.handleMouseEvent(JIIIIIIIZZ)V+30
j  com.sun.glass.ui.View.notifyMouse(IIIIIIIZZ)V+181
v  ~StubRoutines::call_stub
V  [libjvm.dylib+0x2e036e]
V  [libjvm.dylib+0x316e2a]
V  [libjvm.dylib+0x3095e5]
C  [libglass.dylib+0x2093b]  -[GlassViewDelegate sendJavaMouseEvent:]+0x81b
C  [AppKit+0x7cde57]  -[NSWindow _reallySendEvent:isDelayedEvent:]+0x288
C  [AppKit+0x160d76]  -[NSWindow sendEvent:]+0x1d6
C  [libglass.dylib+0x23455]  -[GlassWindow_Normal sendEvent:]+0x75
C  [AppKit+0x15d312]  -[NSApplication sendEvent:]+0x9c8
C  [AppKit+0x86c68]  -[NSApplication run]+0x2c7
...<more frames>...

Java frames: (J=compiled Java code, j=interpreted, Vv=VM code)
j  com.sun.glass.ui.mac.MacApplication._enterNestedEventLoopImpl()Ljava/lang/Object;+0
j  com.sun.glass.ui.mac.MacApplication._enterNestedEventLoop()Ljava/lang/Object;+15
j  com.sun.glass.ui.Application.enterNestedEventLoop()Ljava/lang/Object;+14
j  com.sun.glass.ui.EventLoop.enter()Ljava/lang/Object;+42
j  com.sun.javafx.tk.quantum.QuantumToolkit.enterNestedEventLoop(Ljava/lang/Object;)Ljava/lang/Object;+107
j  javafx.stage.Stage.showAndWait()V+74
j  sepm.ss15.grp16.gui.controller.User.LoginController.loginButtonClicked()V+266
v  ~StubRoutines::call_stub
J 2188  sun.reflect.NativeMethodAccessorImpl.invoke0(Ljava/lang/reflect/Method;Ljava/lang/Object;[Ljava/lang/Object;)Ljava/lang/Object; (0 bytes) @ 0x000000010e0181f7 [0x000000010e018180+0x77]
J 2187 C1 sun.reflect.NativeMethodAccessorImpl.invoke(Ljava/lang/Object;[Ljava/lang/Object;)Ljava/lang/Object; (104 bytes) @ 0x000000010e01c694 [0x000000010e01b4c0+0x11d4]
J 2192 C1 sun.reflect.DelegatingMethodAccessorImpl.invoke(Ljava/lang/Object;[Ljava/lang/Object;)Ljava/lang/Object; (10 bytes) @ 0x000000010e017b4c [0x000000010e017a40+0x10c]
J 2191 C1 java.lang.reflect.Method.invoke(Ljava/lang/Object;[Ljava/lang/Object;)Ljava/lang/Object; (62 bytes) @ 0x000000010e01aed4 [0x000000010e01aae0+0x3f4]
j  sun.reflect.misc.Trampoline.invoke(Ljava/lang/reflect/Method;Ljava/lang/Object;[Ljava/lang/Object;)Ljava/lang/Object;+7
j  sun.reflect.GeneratedMethodAccessor4.invoke(Ljava/lang/Object;[Ljava/lang/Object;)Ljava/lang/Object;+40
J 2192 C1 sun.reflect.DelegatingMethodAccessorImpl.invoke(Ljava/lang/Object;[Ljava/lang/Object;)Ljava/lang/Object; (10 bytes) @ 0x000000010e017b4c [0x000000010e017a40+0x10c]
J 2191 C1 java.lang.reflect.Method.invoke(Ljava/lang/Object;[Ljava/lang/Object;)Ljava/lang/Object; (62 bytes) @ 0x000000010e01aed4 [0x000000010e01aae0+0x3f4]
j  sun.reflect.misc.MethodUtil.invoke(Ljava/lang/reflect/Method;Ljava/lang/Object;[Ljava/lang/Object;)Ljava/lang/Object;+20
j  javafx.fxml.FXMLLoader$MethodHandler.invoke([Ljava/lang/Object;)V+38
j  javafx.fxml.FXMLLoader$ControllerMethodEventHandler.handle(Ljavafx/event/Event;)V+12
J 3378 C1 com.sun.javafx.event.CompositeEventHandler.dispatchBubblingEvent(Ljavafx/event/Event;)V (57 bytes) @ 0x000000010e35e554 [0x000000010e35e180+0x3d4]
J 3011 C1 com.sun.javafx.event.EventHandlerManager.dispatchBubblingEvent(Ljavafx/event/Event;)Ljavafx/event/Event; (23 bytes) @ 0x000000010e224c64 [0x000000010e2245c0+0x6a4]
J 3010 C1 com.sun.javafx.event.CompositeEventDispatcher.dispatchBubblingEvent(Ljavafx/event/Event;)Ljavafx/event/Event; (35 bytes) @ 0x000000010e22561c [0x000000010e225460+0x1bc]
J 2783 C1 com.sun.javafx.event.BasicEventDispatcher.dispatchEvent(Ljavafx/event/Event;Ljavafx/event/EventDispatchChain;)Ljavafx/event/Event; (44 bytes) @ 0x000000010e18ba74 [0x000000010e18b740+0x334]
J 2734 C1 com.sun.javafx.event.EventDispatchChainImpl.dispatchEvent(Ljavafx/event/Event;)Ljavafx/event/Event; (101 bytes) @ 0x000000010e1671d4 [0x000000010e167020+0x1b4]
J 2783 C1 com.sun.javafx.event.BasicEventDispatcher.dispatchEvent(Ljavafx/event/Event;Ljavafx/event/EventDispatchChain;)Ljavafx/event/Event; (44 bytes) @ 0x000000010e18b98c [0x000000010e18b740+0x24c]
J 2734 C1 com.sun.javafx.event.EventDispatchChainImpl.dispatchEvent(Ljavafx/event/Event;)Ljavafx/event/Event; (101 bytes) @ 0x000000010e1671d4 [0x000000010e167020+0x1b4]
J 2783 C1 com.sun.javafx.event.BasicEventDispatcher.dispatchEvent(Ljavafx/event/Event;Ljavafx/event/EventDispatchChain;)Ljavafx/event/Event; (44 bytes) @ 0x000000010e18b98c [0x000000010e18b740+0x24c]
J 2734 C1 com.sun.javafx.event.EventDispatchChainImpl.dispatchEvent(Ljavafx/event/Event;)Ljavafx/event/Event; (101 bytes) @ 0x000000010e1671d4 [0x000000010e167020+0x1b4]
J 2783 C1 com.sun.javafx.event.BasicEventDispatcher.dispatchEvent(Ljavafx/event/Event;Ljavafx/event/EventDispatchChain;)Ljavafx/event/Event; (44 bytes) @ 0x000000010e18b98c [0x000000010e18b740+0x24c]
J 2734 C1 com.sun.javafx.event.EventDispatchChainImpl.dispatchEvent(Ljavafx/event/Event;)Ljavafx/event/Event; (101 bytes) @ 0x000000010e1671d4 [0x000000010e167020+0x1b4]
J 3347 C1 com.sun.javafx.event.EventUtil.fireEvent(Ljavafx/event/EventTarget;Ljavafx/event/Event;)Ljavafx/event/Event; (81 bytes) @ 0x000000010e34d81c [0x000000010e34cc40+0xbdc]
J 3346 C1 javafx.event.Event.fireEvent(Ljavafx/event/EventTarget;Ljavafx/event/Event;)V (35 bytes) @ 0x000000010e33502c [0x000000010e334f60+0xcc]
j  javafx.scene.Node.fireEvent(Ljavafx/event/Event;)V+86
j  javafx.scene.control.Button.fire()V+15
j  com.sun.javafx.scene.control.behavior.ButtonBehavior.mouseReleased(Ljavafx/scene/input/MouseEvent;)V+23
j  com.sun.javafx.scene.control.skin.BehaviorSkinBase$1.handle(Ljavafx/scene/input/MouseEvent;)V+83
j  com.sun.javafx.scene.control.skin.BehaviorSkinBase$1.handle(Ljavafx/event/Event;)V+5
J 3382 C1 com.sun.javafx.event.CompositeEventHandler$NormalEventHandlerRecord.handleBubblingEvent(Ljavafx/event/Event;)V (11 bytes) @ 0x000000010e36014c [0x000000010e360040+0x10c]
J 3378 C1 com.sun.javafx.event.CompositeEventHandler.dispatchBubblingEvent(Ljavafx/event/Event;)V (57 bytes) @ 0x000000010e35e3c4 [0x000000010e35e180+0x244]
J 3011 C1 com.sun.javafx.event.EventHandlerManager.dispatchBubblingEvent(Ljavafx/event/Event;)Ljavafx/event/Event; (23 bytes) @ 0x000000010e224c64 [0x000000010e2245c0+0x6a4]
J 3010 C1 com.sun.javafx.event.CompositeEventDispatcher.dispatchBubblingEvent(Ljavafx/event/Event;)Ljavafx/event/Event; (35 bytes) @ 0x000000010e22561c [0x000000010e225460+0x1bc]
J 2783 C1 com.sun.javafx.event.BasicEventDispatcher.dispatchEvent(Ljavafx/event/Event;Ljavafx/event/EventDispatchChain;)Ljavafx/event/Event; (44 bytes) @ 0x000000010e18ba74 [0x000000010e18b740+0x334]
J 2734 C1 com.sun.javafx.event.EventDispatchChainImpl.dispatchEvent(Ljavafx/event/Event;)Ljavafx/event/Event; (101 bytes) @ 0x000000010e1671d4 [0x000000010e167020+0x1b4]
J 2783 C1 com.sun.javafx.event.BasicEventDispatcher.dispatchEvent(Ljavafx/event/Event;Ljavafx/event/EventDispatchChain;)Ljavafx/event/Event; (44 bytes) @ 0x000000010e18b98c [0x000000010e18b740+0x24c]
J 2734 C1 com.sun.javafx.event.EventDispatchChainImpl.dispatchEvent(Ljavafx/event/Event;)Ljavafx/event/Event; (101 bytes) @ 0x000000010e1671d4 [0x000000010e167020+0x1b4]
J 2783 C1 com.sun.javafx.event.BasicEventDispatcher.dispatchEvent(Ljavafx/event/Event;Ljavafx/event/EventDispatchChain;)Ljavafx/event/Event; (44 bytes) @ 0x000000010e18b98c [0x000000010e18b740+0x24c]
J 2734 C1 com.sun.javafx.event.EventDispatchChainImpl.dispatchEvent(Ljavafx/event/Event;)Ljavafx/event/Event; (101 bytes) @ 0x000000010e1671d4 [0x000000010e167020+0x1b4]
J 2783 C1 com.sun.javafx.event.BasicEventDispatcher.dispatchEvent(Ljavafx/event/Event;Ljavafx/event/EventDispatchChain;)Ljavafx/event/Event; (44 bytes) @ 0x000000010e18b98c [0x000000010e18b740+0x24c]
J 2734 C1 com.sun.javafx.event.EventDispatchChainImpl.dispatchEvent(Ljavafx/event/Event;)Ljavafx/event/Event; (101 bytes) @ 0x000000010e1671d4 [0x000000010e167020+0x1b4]
J 3347 C1 com.sun.javafx.event.EventUtil.fireEvent(Ljavafx/event/EventTarget;Ljavafx/event/Event;)Ljavafx/event/Event; (81 bytes) @ 0x000000010e34d36c [0x000000010e34cc40+0x72c]
J 3346 C1 javafx.event.Event.fireEvent(Ljavafx/event/EventTarget;Ljavafx/event/Event;)V (35 bytes) @ 0x000000010e33502c [0x000000010e334f60+0xcc]
j  javafx.scene.Scene$MouseHandler.process(Ljavafx/scene/input/MouseEvent;Z)V+491
j  javafx.scene.Scene$MouseHandler.access$1500(Ljavafx/scene/Scene$MouseHandler;Ljavafx/scene/input/MouseEvent;Z)V+3
j  javafx.scene.Scene.impl_processMouseEvent(Ljavafx/scene/input/MouseEvent;)V+6
j  javafx.scene.Scene$ScenePeerListener.mouseEvent(Ljavafx/event/EventType;DDDDLjavafx/scene/input/MouseButton;ZZZZZZZZZ)V+46
j  com.sun.javafx.tk.quantum.GlassViewEventHandler$MouseEventNotification.run()Ljava/lang/Void;+438
j  com.sun.javafx.tk.quantum.GlassViewEventHandler$MouseEventNotification.run()Ljava/lang/Object;+1
v  ~StubRoutines::call_stub
J 1954  java.security.AccessController.doPrivileged(Ljava/security/PrivilegedAction;Ljava/security/AccessControlContext;)Ljava/lang/Object; (0 bytes) @ 0x000000010df691a3 [0x000000010df69140+0x63]
j  com.sun.javafx.tk.quantum.GlassViewEventHandler.lambda$handleMouseEvent$350()Ljava/lang/Void;+11
j  com.sun.javafx.tk.quantum.GlassViewEventHandler$$Lambda$208.get()Ljava/lang/Object;+4
J 2540 C1 com.sun.javafx.tk.quantum.QuantumToolkit.runWithoutRenderLock(Ljava/util/function/Supplier;)Ljava/lang/Object; (49 bytes) @ 0x000000010e0ee5f4 [0x000000010e0ee0c0+0x534]
j  com.sun.javafx.tk.quantum.GlassViewEventHandler.handleMouseEvent(Lcom/sun/glass/ui/View;JIIIIIIIZZ)V+103
j  com.sun.glass.ui.View.handleMouseEvent(JIIIIIIIZZ)V+30
j  com.sun.glass.ui.View.notifyMouse(IIIIIIIZZ)V+181
v  ~StubRoutines::call_stub

---------------  P R O C E S S  ---------------

Java Threads: ( => current thread )
  0x00007f8243c4b000 JavaThread "Prism Font Disposer" daemon [_thread_blocked, id=51743, stack(0x000000012bc3b000,0x000000012bd3b000)]
  0x00007f8243b30000 JavaThread "Thread-5" daemon [_thread_in_native, id=37379, stack(0x00000001295d8000,0x0000000129658000)]
=>0x00007f8243a86800 JavaThread "JavaFX Application Thread" [_thread_in_native, id=1299, stack(0x00007fff53535000,0x00007fff53d35000)]
  0x00007f8243124800 JavaThread "Thread-3" daemon [_thread_blocked, id=25363, stack(0x00000001269af000,0x0000000126aaf000)]
  0x00007f82438e7800 JavaThread "QuantumRenderer-0" daemon [_thread_blocked, id=20483, stack(0x000000012619c000,0x000000012629c000)]
  0x00007f82441f0800 JavaThread "JavaFX-Launcher" [_thread_blocked, id=19971, stack(0x0000000126099000,0x0000000126199000)]
  0x00007f8243036800 JavaThread "Monitor Ctrl-Break" daemon [_thread_in_native, id=19459, stack(0x0000000125a25000,0x0000000125b25000)]
  0x00007f8244081800 JavaThread "Service Thread" daemon [_thread_blocked, id=18435, stack(0x000000012564a000,0x000000012574a000)]
  0x00007f824480d800 JavaThread "C1 CompilerThread2" daemon [_thread_blocked, id=17923, stack(0x0000000125547000,0x0000000125647000)]
  0x00007f8244036000 JavaThread "C2 CompilerThread1" daemon [_thread_in_native, id=17411, stack(0x0000000125444000,0x0000000125544000)]
  0x00007f824405f800 JavaThread "C2 CompilerThread0" daemon [_thread_in_native, id=16899, stack(0x0000000125341000,0x0000000125441000)]
  0x00007f824403c800 JavaThread "Signal Dispatcher" daemon [_thread_blocked, id=13843, stack(0x000000012523e000,0x000000012533e000)]
  0x00007f824400a000 JavaThread "Finalizer" daemon [_thread_blocked, id=12035, stack(0x0000000123828000,0x0000000123928000)]
  0x00007f824300b000 JavaThread "Reference Handler" daemon [_thread_blocked, id=11523, stack(0x0000000123725000,0x0000000123825000)]
  0x00007f8244001800 JavaThread "main" [_thread_blocked, id=5379, stack(0x000000010d801000,0x000000010d901000)]

Other Threads:
  0x00007f824480b000 VMThread [stack: 0x0000000123622000,0x0000000123722000] [id=11011]
  0x00007f824480e800 WatcherThread [stack: 0x000000012574d000,0x000000012584d000] [id=18947]

VM state:not at safepoint (normal execution)

VM Mutex/Monitor currently owned by a thread: None

Heap:
 PSYoungGen      total 70144K, used 44194K [0x0000000795580000, 0x000000079aa00000, 0x00000007c0000000)
  eden space 65024K, 60% used [0x0000000795580000,0x0000000797babbd0,0x0000000799500000)
  from space 5120K, 99% used [0x0000000799680000,0x0000000799b7cf80,0x0000000799b80000)
  to   space 10752K, 0% used [0x0000000799f80000,0x0000000799f80000,0x000000079aa00000)
 ParOldGen       total 58368K, used 12384K [0x0000000740000000, 0x0000000743900000, 0x0000000795580000)
  object space 58368K, 21% used [0x0000000740000000,0x0000000740c18370,0x0000000743900000)
 Metaspace       used 31742K, capacity 33292K, committed 33536K, reserved 1079296K
  class space    used 4323K, capacity 4583K, committed 4608K, reserved 1048576K

Card table byte_map: [0x000000011ccc3000,0x000000011d0c4000] byte_map_base: 0x00000001192c3000

Marking Bits: (ParMarkBitMap*) 0x000000010c88c7a0
 Begin Bits: [0x000000011d77b000, 0x000000011f77b000)
 End Bits:   [0x000000011f77b000, 0x000000012177b000)

Polling page: 0x000000010cf8d000

CodeCache: size=245760Kb used=16231Kb max_used=16279Kb free=229528Kb
 bounds [0x000000010d903000, 0x000000010e8f3000, 0x000000011c903000]
 total_blobs=5512 nmethods=4755 adapters=669
 compilation: enabled

Compilation events (10 events):
Event: 29.701 Thread 0x00007f824480d800 5010       3       javafx.scene.Node::hasMirroring (40 bytes)
Event: 29.702 Thread 0x00007f824480d800 nmethod 5010 0x000000010e8c8ed0 code [0x000000010e8c9080, 0x000000010e8c97a8]
Event: 29.702 Thread 0x00007f824480d800 5007       3       com.sun.javafx.scene.control.skin.BehaviorSkinBase::lambda$registerChangeListener$61 (7 bytes)
Event: 29.703 Thread 0x00007f824480d800 nmethod 5007 0x000000010e8c8a90 code [0x000000010e8c8c00, 0x000000010e8c8e28]
Event: 29.703 Thread 0x00007f824480d800 5008       3       com.sun.javafx.scene.control.skin.Utils::computeTextHeight (92 bytes)
Event: 29.704 Thread 0x00007f824480d800 nmethod 5008 0x000000010e8c7e90 code [0x000000010e8c80a0, 0x000000010e8c87c8]
Event: 29.704 Thread 0x00007f824480d800 5009       3       javafx.scene.layout.HBox::getMinBaselineComplement (49 bytes)
Event: 29.705 Thread 0x00007f824480d800 nmethod 5009 0x000000010e8c7210 code [0x000000010e8c73e0, 0x000000010e8c7c48]
Event: 29.796 Thread 0x00007f824480d800 5012       3       javafx.scene.layout.HBox::getPrefBaselineComplement (49 bytes)
Event: 29.797 Thread 0x00007f824480d800 nmethod 5012 0x000000010e8c6590 code [0x000000010e8c6760, 0x000000010e8c6fc8]

GC Heap History (10 events):
Event: 2.232 GC heap before
{Heap before GC invocations=2 (full 0):
 PSYoungGen      total 38400K, used 37770K [0x0000000795580000, 0x0000000798000000, 0x00000007c0000000)
  eden space 33280K, 100% used [0x0000000795580000,0x0000000797600000,0x0000000797600000)
  from space 5120K, 87% used [0x0000000797600000,0x0000000797a62bb8,0x0000000797b00000)
  to   space 5120K, 0% used [0x0000000797b00000,0x0000000797b00000,0x0000000798000000)
 ParOldGen       total 87552K, used 16K [0x0000000740000000, 0x0000000745580000, 0x0000000795580000)
  object space 87552K, 0% used [0x0000000740000000,0x0000000740004000,0x0000000745580000)
 Metaspace       used 18856K, capacity 19228K, committed 19328K, reserved 1067008K
  class space    used 2270K, capacity 2408K, committed 2432K, reserved 1048576K
Event: 2.246 GC heap after
Heap after GC invocations=2 (full 0):
 PSYoungGen      total 38400K, used 5091K [0x0000000795580000, 0x000000079a080000, 0x00000007c0000000)
  eden space 33280K, 0% used [0x0000000795580000,0x0000000795580000,0x0000000797600000)
  from space 5120K, 99% used [0x0000000797b00000,0x0000000797ff8e80,0x0000000798000000)
  to   space 5120K, 0% used [0x0000000797600000,0x0000000797600000,0x0000000797b00000)
 ParOldGen       total 87552K, used 1858K [0x0000000740000000, 0x0000000745580000, 0x0000000795580000)
  object space 87552K, 2% used [0x0000000740000000,0x00000007401d0b10,0x0000000745580000)
 Metaspace       used 18856K, capacity 19228K, committed 19328K, reserved 1067008K
  class space    used 2270K, capacity 2408K, committed 2432K, reserved 1048576K
}
Event: 2.446 GC heap before
{Heap before GC invocations=3 (full 0):
 PSYoungGen      total 38400K, used 11635K [0x0000000795580000, 0x000000079a080000, 0x00000007c0000000)
  eden space 33280K, 19% used [0x0000000795580000,0x0000000795be3fa8,0x0000000797600000)
  from space 5120K, 99% used [0x0000000797b00000,0x0000000797ff8e80,0x0000000798000000)
  to   space 5120K, 0% used [0x0000000797600000,0x0000000797600000,0x0000000797b00000)
 ParOldGen       total 87552K, used 1858K [0x0000000740000000, 0x0000000745580000, 0x0000000795580000)
  object space 87552K, 2% used [0x0000000740000000,0x00000007401d0b10,0x0000000745580000)
 Metaspace       used 20678K, capacity 21112K, committed 21248K, reserved 1067008K
  class space    used 2558K, capacity 2698K, committed 2816K, reserved 1048576K
Event: 2.454 GC heap after
Heap after GC invocations=3 (full 0):
 PSYoungGen      total 38400K, used 5105K [0x0000000795580000, 0x000000079a080000, 0x00000007c0000000)
  eden space 33280K, 0% used [0x0000000795580000,0x0000000795580000,0x0000000797600000)
  from space 5120K, 99% used [0x0000000797600000,0x0000000797afc4c0,0x0000000797b00000)
  to   space 5120K, 0% used [0x0000000799b80000,0x0000000799b80000,0x000000079a080000)
 ParOldGen       total 87552K, used 1970K [0x0000000740000000, 0x0000000745580000, 0x0000000795580000)
  object space 87552K, 2% used [0x0000000740000000,0x00000007401ecb10,0x0000000745580000)
 Metaspace       used 20678K, capacity 21112K, committed 21248K, reserved 1067008K
  class space    used 2558K, capacity 2698K, committed 2816K, reserved 1048576K
}
Event: 2.454 GC heap before
{Heap before GC invocations=4 (full 1):
 PSYoungGen      total 38400K, used 5105K [0x0000000795580000, 0x000000079a080000, 0x00000007c0000000)
  eden space 33280K, 0% used [0x0000000795580000,0x0000000795580000,0x0000000797600000)
  from space 5120K, 99% used [0x0000000797600000,0x0000000797afc4c0,0x0000000797b00000)
  to   space 5120K, 0% used [0x0000000799b80000,0x0000000799b80000,0x000000079a080000)
 ParOldGen       total 87552K, used 1970K [0x0000000740000000, 0x0000000745580000, 0x0000000795580000)
  object space 87552K, 2% used [0x0000000740000000,0x00000007401ecb10,0x0000000745580000)
 Metaspace       used 20678K, capacity 21112K, committed 21248K, reserved 1067008K
  class space    used 2558K, capacity 2698K, committed 2816K, reserved 1048576K
Event: 2.504 GC heap after
Heap after GC invocations=4 (full 1):
 PSYoungGen      total 38400K, used 0K [0x0000000795580000, 0x000000079a080000, 0x00000007c0000000)
  eden space 33280K, 0% used [0x0000000795580000,0x0000000795580000,0x0000000797600000)
  from space 5120K, 0% used [0x0000000797600000,0x0000000797600000,0x0000000797b00000)
  to   space 5120K, 0% used [0x0000000799b80000,0x0000000799b80000,0x000000079a080000)
 ParOldGen       total 58368K, used 5235K [0x0000000740000000, 0x0000000743900000, 0x0000000795580000)
  object space 58368K, 8% used [0x0000000740000000,0x000000074051cd68,0x0000000743900000)
 Metaspace       used 20678K, capacity 21112K, committed 21248K, reserved 1067008K
  class space    used 2558K, capacity 2698K, committed 2816K, reserved 1048576K
}
Event: 5.756 GC heap before
{Heap before GC invocations=5 (full 1):
 PSYoungGen      total 38400K, used 33280K [0x0000000795580000, 0x000000079a080000, 0x00000007c0000000)
  eden space 33280K, 100% used [0x0000000795580000,0x0000000797600000,0x0000000797600000)
  from space 5120K, 0% used [0x0000000797600000,0x0000000797600000,0x0000000797b00000)
  to   space 5120K, 0% used [0x0000000799b80000,0x0000000799b80000,0x000000079a080000)
 ParOldGen       total 58368K, used 5235K [0x0000000740000000, 0x0000000743900000, 0x0000000795580000)
  object space 58368K, 8% used [0x0000000740000000,0x000000074051cd68,0x0000000743900000)
 Metaspace       used 26770K, capacity 27664K, committed 28032K, reserved 1073152K
  class space    used 3648K, capacity 3851K, committed 3968K, reserved 1048576K
Event: 5.767 GC heap after
Heap after GC invocations=5 (full 1):
 PSYoungGen      total 52736K, used 5098K [0x0000000795580000, 0x000000079a080000, 0x00000007c0000000)
  eden space 47616K, 0% used [0x0000000795580000,0x0000000795580000,0x0000000798400000)
  from space 5120K, 99% used [0x0000000799b80000,0x000000079a07aa78,0x000000079a080000)
  to   space 5120K, 0% used [0x0000000799680000,0x0000000799680000,0x0000000799b80000)
 ParOldGen       total 58368K, used 7363K [0x0000000740000000, 0x0000000743900000, 0x0000000795580000)
  object space 58368K, 12% used [0x0000000740000000,0x0000000740730f40,0x0000000743900000)
 Metaspace       used 26770K, capacity 27664K, committed 28032K, reserved 1073152K
  class space    used 3648K, capacity 3851K, committed 3968K, reserved 1048576K
}
Event: 23.800 GC heap before
{Heap before GC invocations=6 (full 1):
 PSYoungGen      total 52736K, used 52714K [0x0000000795580000, 0x000000079a080000, 0x00000007c0000000)
  eden space 47616K, 100% used [0x0000000795580000,0x0000000798400000,0x0000000798400000)
  from space 5120K, 99% used [0x0000000799b80000,0x000000079a07aa78,0x000000079a080000)
  to   space 5120K, 0% used [0x0000000799680000,0x0000000799680000,0x0000000799b80000)
 ParOldGen       total 58368K, used 7363K [0x0000000740000000, 0x0000000743900000, 0x0000000795580000)
  object space 58368K, 12% used [0x0000000740000000,0x0000000740730f40,0x0000000743900000)
 Metaspace       used 30914K, capacity 32364K, committed 32512K, reserved 1077248K
  class space    used 4262K, capacity 4519K, committed 4608K, reserved 1048576K
Event: 23.815 GC heap after
Heap after GC invocations=6 (full 1):
 PSYoungGen      total 70144K, used 5107K [0x0000000795580000, 0x000000079aa00000, 0x00000007c0000000)
  eden space 65024K, 0% used [0x0000000795580000,0x0000000795580000,0x0000000799500000)
  from space 5120K, 99% used [0x0000000799680000,0x0000000799b7cf80,0x0000000799b80000)
  to   space 10752K, 0% used [0x0000000799f80000,0x0000000799f80000,0x000000079aa00000)
 ParOldGen       total 58368K, used 12384K [0x0000000740000000, 0x0000000743900000, 0x0000000795580000)
  object space 58368K, 21% used [0x0000000740000000,0x0000000740c18370,0x0000000743900000)
 Metaspace       used 30914K, capacity 32364K, committed 32512K, reserved 1077248K
  class space    used 4262K, capacity 4519K, committed 4608K, reserved 1048576K
}

Deoptimization events (10 events):
Event: 22.940 Thread 0x00007f8243a86800 Uncommon trap: reason=array_check action=maybe_recompile pc=0x000000010da6edb4 method=com.sun.javafx.css.CompoundSelector.applies(Ljavafx/css/Styleable;[Ljava/util/Set;I)Z @ 128
Event: 22.940 Thread 0x00007f8243a86800 Uncommon trap: reason=array_check action=maybe_recompile pc=0x000000010da6edb4 method=com.sun.javafx.css.CompoundSelector.applies(Ljavafx/css/Styleable;[Ljava/util/Set;I)Z @ 128
Event: 22.942 Thread 0x00007f8243a86800 Uncommon trap: reason=unstable_if action=reinterpret pc=0x000000010e33cfb4 method=javafx.scene.CssStyleHelper.resolveRef(Ljavafx/css/Styleable;Ljava/lang/String;Lcom/sun/javafx/css/StyleMap;Ljava/util/Set;)Lcom/sun/javafx/css/CascadingStyle; @ 66
Event: 22.974 Thread 0x00007f8243a86800 Uncommon trap: reason=class_check action=maybe_recompile pc=0x000000010e5a7050 method=javafx.scene.Node$MiscProperties.getEffect()Ljavafx/scene/effect/Effect; @ 20
Event: 22.974 Thread 0x00007f8243a86800 Uncommon trap: reason=class_check action=maybe_recompile pc=0x000000010e5a7050 method=javafx.scene.Node$MiscProperties.getEffect()Ljavafx/scene/effect/Effect; @ 20
Event: 22.981 Thread 0x00007f82438e7800 Uncommon trap: reason=unstable_if action=reinterpret pc=0x000000010e607824 method=com.sun.javafx.sg.prism.NGNode.doRender(Lcom/sun/prism/Graphics;)V @ 305
Event: 25.965 Thread 0x00007f8243a86800 Uncommon trap: reason=null_check action=make_not_entrant pc=0x000000010e690f5c method=com.sun.org.apache.xerces.internal.utils.XMLLimitAnalyzer.isTracking(Ljava/lang/String;)Z @ 14
Event: 28.277 Thread 0x00007f82438e7800 Uncommon trap: reason=unstable_if action=reinterpret pc=0x000000010dd04cd8 method=com.sun.javafx.geom.transform.AffineBase.translate(DD)V @ 534
Event: 28.277 Thread 0x00007f82438e7800 Uncommon trap: reason=unstable_if action=reinterpret pc=0x000000010e5fbec4 method=com.sun.javafx.geom.transform.AffineBase.getType()I @ 5
Event: 28.278 Thread 0x00007f82438e7800 Uncommon trap: reason=unstable_if action=reinterpret pc=0x000000010e5d6e90 method=com.sun.javafx.geom.transform.AffineBase.updateState2D()V @ 24

Internal exceptions (10 events):
Event: 2.312 Thread 0x00007f8243a86800 Exception <a 'java/lang/NullPointerException'> (0x0000000795767c90) thrown at [/Users/java_re/workspace/8-2-build-macosx-x86_64/jdk8u40/3098/hotspot/src/share/vm/interpreter/linkResolver.cpp, line 1178]
Event: 2.312 Thread 0x00007f8243a86800 Exception <a 'java/lang/NullPointerException'> (0x0000000795767c90) thrown at [/Users/java_re/workspace/8-2-build-macosx-x86_64/jdk8u40/3098/hotspot/src/share/vm/prims/jvm.cpp, line 1386]
Event: 2.430 Thread 0x00007f8243a86800 Exception <a 'java/lang/ClassNotFoundException': sepm/ss15/grp16/gui/controller/User/LoginControllerBeanInfo> (0x0000000795b185c0) thrown at [/Users/java_re/workspace/8-2-build-macosx-x86_64/jdk8u40/3098/hotspot/src/share/vm/classfile/systemDictionary.cpp
Event: 2.431 Thread 0x00007f8243a86800 Exception <a 'java/lang/ClassNotFoundException': sepm/ss15/grp16/gui/controller/User/LoginControllerCustomizer> (0x0000000795b276b8) thrown at [/Users/java_re/workspace/8-2-build-macosx-x86_64/jdk8u40/3098/hotspot/src/share/vm/classfile/systemDictionary.c
Event: 5.387 Thread 0x00007f8243a86800 Implicit null exception at 0x000000010df34c02 to 0x000000010df35345
Event: 5.684 Thread 0x00007f8243a86800 Exception <a 'java/lang/ClassNotFoundException': sepm/ss15/grp16/gui/controller/User/RegistrationControllerBeanInfo> (0x0000000796e639a8) thrown at [/Users/java_re/workspace/8-2-build-macosx-x86_64/jdk8u40/3098/hotspot/src/share/vm/classfile/systemDiction
Event: 5.684 Thread 0x00007f8243a86800 Exception <a 'java/lang/ClassNotFoundException': sepm/ss15/grp16/gui/controller/User/RegistrationControllerCustomizer> (0x0000000796e740f0) thrown at [/Users/java_re/workspace/8-2-build-macosx-x86_64/jdk8u40/3098/hotspot/src/share/vm/classfile/systemDicti
Event: 21.230 Thread 0x00007f8243a86800 Exception <a 'java/lang/ClassNotFoundException': sepm/ss15/grp16/gui/controller/Main/MainControllerBeanInfo> (0x0000000796936188) thrown at [/Users/java_re/workspace/8-2-build-macosx-x86_64/jdk8u40/3098/hotspot/src/share/vm/classfile/systemDictionary.cpp,
Event: 21.230 Thread 0x00007f8243a86800 Exception <a 'java/lang/ClassNotFoundException': sepm/ss15/grp16/gui/controller/Main/MainControllerCustomizer> (0x00000007969458e0) thrown at [/Users/java_re/workspace/8-2-build-macosx-x86_64/jdk8u40/3098/hotspot/src/share/vm/classfile/systemDictionary.cp
Event: 25.965 Thread 0x00007f8243a86800 Implicit null exception at 0x000000010e692a76 to 0x000000010e690f45

Events (10 events):
Event: 29.329 loading class sepm/ss15/grp16/gui/controller/WorkoutPlans/GeneratedWorkoutPlanResultController$1
Event: 29.329 loading class sepm/ss15/grp16/gui/controller/WorkoutPlans/GeneratedWorkoutPlanResultController$1 done
Event: 29.330 loading class sepm/ss15/grp16/gui/controller/WorkoutPlans/GeneratedWorkoutPlanResultController$2
Event: 29.330 loading class sepm/ss15/grp16/gui/controller/WorkoutPlans/GeneratedWorkoutPlanResultController$2 done
Event: 29.331 loading class sepm/ss15/grp16/gui/controller/WorkoutPlans/GeneratedWorkoutPlanResultController$2$1
Event: 29.331 loading class sepm/ss15/grp16/gui/controller/WorkoutPlans/GeneratedWorkoutPlanResultController$2$1 done
Event: 29.347 Thread 0x00007f8243a86800 DEOPT PACKING pc=0x000000010e48fd14 sp=0x00007fff53d29100
Event: 29.347 Thread 0x00007f8243a86800 DEOPT UNPACKING pc=0x000000010d94a633 sp=0x00007fff53d28e98 mode 0
Event: 29.407 Executing VM operation: RevokeBias
Event: 29.407 Executing VM operation: RevokeBias done


Dynamic libraries:
0x00000000077b8000 	/System/Library/Frameworks/Cocoa.framework/Versions/A/Cocoa
0x00000000077b8000 	/System/Library/Frameworks/Security.framework/Versions/A/Security
0x00000000077b8000 	/System/Library/Frameworks/ApplicationServices.framework/Versions/A/ApplicationServices
0x00000000077b8000 	/usr/lib/libz.1.dylib
0x00000000077b8000 	/usr/lib/libSystem.B.dylib
0x00000000077b8000 	/usr/lib/libobjc.A.dylib
0x00000000077b8000 	/System/Library/Frameworks/CoreFoundation.framework/Versions/A/CoreFoundation
0x00000000077b8000 	/System/Library/Frameworks/Foundation.framework/Versions/C/Foundation
0x00000000077b8000 	/System/Library/Frameworks/AppKit.framework/Versions/C/AppKit
0x00000000077b8000 	/System/Library/Frameworks/CoreData.framework/Versions/A/CoreData
0x00000000077b8000 	/System/Library/PrivateFrameworks/RemoteViewServices.framework/Versions/A/RemoteViewServices
0x00000000077b8000 	/System/Library/PrivateFrameworks/UIFoundation.framework/Versions/A/UIFoundation
0x00000000077b8000 	/System/Library/Frameworks/IOSurface.framework/Versions/A/IOSurface
0x00000000077b8000 	/System/Library/Frameworks/AudioToolbox.framework/Versions/A/AudioToolbox
0x00000000077b8000 	/System/Library/Frameworks/AudioUnit.framework/Versions/A/AudioUnit
0x00000000077b8000 	/System/Library/PrivateFrameworks/DataDetectorsCore.framework/Versions/A/DataDetectorsCore
0x00000000077b8000 	/System/Library/PrivateFrameworks/DesktopServicesPriv.framework/Versions/A/DesktopServicesPriv
0x00000000077b8000 	/System/Library/Frameworks/Carbon.framework/Versions/A/Frameworks/HIToolbox.framework/Versions/A/HIToolbox
0x00000000077b8000 	/System/Library/Frameworks/QuartzCore.framework/Versions/A/QuartzCore
0x00000000077b8000 	/System/Library/Frameworks/Carbon.framework/Versions/A/Frameworks/SpeechRecognition.framework/Versions/A/SpeechRecognition
0x00000000077b8000 	/usr/lib/libauto.dylib
0x00000000077b8000 	/usr/lib/libicucore.A.dylib
0x00000000077b8000 	/usr/lib/libxml2.2.dylib
0x00000000077b8000 	/System/Library/PrivateFrameworks/CoreUI.framework/Versions/A/CoreUI
0x00000000077b8000 	/System/Library/Frameworks/CoreAudio.framework/Versions/A/CoreAudio
0x00000000077b8000 	/System/Library/Frameworks/DiskArbitration.framework/Versions/A/DiskArbitration
0x00000000077b8000 	/usr/lib/liblangid.dylib
0x00000000077b8000 	/System/Library/PrivateFrameworks/MultitouchSupport.framework/Versions/A/MultitouchSupport
0x00000000077b8000 	/System/Library/Frameworks/IOKit.framework/Versions/A/IOKit
0x00000000077b8000 	/usr/lib/libDiagnosticMessagesClient.dylib
0x00000000077b8000 	/System/Library/Frameworks/CoreServices.framework/Versions/A/CoreServices
0x00000000077b8000 	/System/Library/PrivateFrameworks/PerformanceAnalysis.framework/Versions/A/PerformanceAnalysis
0x00000000077b8000 	/System/Library/PrivateFrameworks/GenerationalStorage.framework/Versions/A/GenerationalStorage
0x00000000077b8000 	/System/Library/Frameworks/OpenGL.framework/Versions/A/OpenGL
0x00000000077b8000 	/System/Library/PrivateFrameworks/Sharing.framework/Versions/A/Sharing
0x00000000077b8000 	/System/Library/Frameworks/CoreGraphics.framework/Versions/A/CoreGraphics
0x00000000077b8000 	/System/Library/Frameworks/CoreText.framework/Versions/A/CoreText
0x00000000077b8000 	/System/Library/Frameworks/ImageIO.framework/Versions/A/ImageIO
0x00000000077b8000 	/usr/lib/libextension.dylib
0x00000000077b8000 	/System/Library/PrivateFrameworks/Backup.framework/Versions/A/Backup
0x00000000077b8000 	/usr/lib/libarchive.2.dylib
0x00000000077b8000 	/System/Library/Frameworks/CFNetwork.framework/Versions/A/CFNetwork
0x00000000077b8000 	/System/Library/Frameworks/SystemConfiguration.framework/Versions/A/SystemConfiguration
0x00000000077b8000 	/usr/lib/libCRFSuite.dylib
0x00000000077b8000 	/usr/lib/libc++.1.dylib
0x00000000077b8000 	/usr/lib/libc++abi.dylib
0x00000000077b8000 	/usr/lib/system/libcache.dylib
0x00000000077b8000 	/usr/lib/system/libcommonCrypto.dylib
0x00000000077b8000 	/usr/lib/system/libcompiler_rt.dylib
0x00000000077b8000 	/usr/lib/system/libcopyfile.dylib
0x00000000077b8000 	/usr/lib/system/libcorecrypto.dylib
0x00000000077b8000 	/usr/lib/system/libdispatch.dylib
0x00000000077b8000 	/usr/lib/system/libdyld.dylib
0x00000000077b8000 	/usr/lib/system/libkeymgr.dylib
0x00000000077b8000 	/usr/lib/system/liblaunch.dylib
0x00000000077b8000 	/usr/lib/system/libmacho.dylib
0x00000000077b8000 	/usr/lib/system/libquarantine.dylib
0x00000000077b8000 	/usr/lib/system/libremovefile.dylib
0x00000000077b8000 	/usr/lib/system/libsystem_asl.dylib
0x00000000077b8000 	/usr/lib/system/libsystem_blocks.dylib
0x00000000077b8000 	/usr/lib/system/libsystem_c.dylib
0x00000000077b8000 	/usr/lib/system/libsystem_configuration.dylib
0x00000000077b8000 	/usr/lib/system/libsystem_coreservices.dylib
0x00000000077b8000 	/usr/lib/system/libsystem_coretls.dylib
0x00000000077b8000 	/usr/lib/system/libsystem_dnssd.dylib
0x00000000077b8000 	/usr/lib/system/libsystem_info.dylib
0x00000000077b8000 	/usr/lib/system/libsystem_kernel.dylib
0x00000000077b8000 	/usr/lib/system/libsystem_m.dylib
0x00000000077b8000 	/usr/lib/system/libsystem_malloc.dylib
0x00000000077b8000 	/usr/lib/system/libsystem_network.dylib
0x00000000077b8000 	/usr/lib/system/libsystem_networkextension.dylib
0x00000000077b8000 	/usr/lib/system/libsystem_notify.dylib
0x00000000077b8000 	/usr/lib/system/libsystem_platform.dylib
0x00000000077b8000 	/usr/lib/system/libsystem_pthread.dylib
0x00000000077b8000 	/usr/lib/system/libsystem_sandbox.dylib
0x00000000077b8000 	/usr/lib/system/libsystem_secinit.dylib
0x00000000077b8000 	/usr/lib/system/libsystem_stats.dylib
0x00000000077b8000 	/usr/lib/system/libsystem_trace.dylib
0x00000000077b8000 	/usr/lib/system/libunc.dylib
0x00000000077b8000 	/usr/lib/system/libunwind.dylib
0x00000000077b8000 	/usr/lib/system/libxpc.dylib
0x00000000077b8000 	/usr/lib/libbz2.1.0.dylib
0x00000000077b8000 	/usr/lib/liblzma.5.dylib
0x00000000077b8000 	/usr/lib/libbsm.0.dylib
0x00000000077b8000 	/usr/lib/libsqlite3.dylib
0x00000000077b8000 	/usr/lib/system/libkxld.dylib
0x00000000077b8000 	/usr/lib/libxar.1.dylib
0x00000000077b8000 	/usr/lib/libpam.2.dylib
0x00000000077b8000 	/usr/lib/libOpenScriptingUtil.dylib
0x00000000077b8000 	/System/Library/Frameworks/CoreServices.framework/Versions/A/Frameworks/FSEvents.framework/Versions/A/FSEvents
0x00000000077b8000 	/System/Library/Frameworks/CoreServices.framework/Versions/A/Frameworks/CarbonCore.framework/Versions/A/CarbonCore
0x00000000077b8000 	/System/Library/Frameworks/CoreServices.framework/Versions/A/Frameworks/Metadata.framework/Versions/A/Metadata
0x00000000077b8000 	/System/Library/Frameworks/CoreServices.framework/Versions/A/Frameworks/OSServices.framework/Versions/A/OSServices
0x00000000077b8000 	/System/Library/Frameworks/CoreServices.framework/Versions/A/Frameworks/SearchKit.framework/Versions/A/SearchKit
0x00000000077b8000 	/System/Library/Frameworks/CoreServices.framework/Versions/A/Frameworks/AE.framework/Versions/A/AE
0x00000000077b8000 	/System/Library/Frameworks/CoreServices.framework/Versions/A/Frameworks/LaunchServices.framework/Versions/A/LaunchServices
0x00000000077b8000 	/System/Library/Frameworks/CoreServices.framework/Versions/A/Frameworks/DictionaryServices.framework/Versions/A/DictionaryServices
0x00000000077b8000 	/System/Library/Frameworks/NetFS.framework/Versions/A/NetFS
0x00000000077b8000 	/System/Library/PrivateFrameworks/NetAuth.framework/Versions/A/NetAuth
0x00000000077b8000 	/System/Library/PrivateFrameworks/login.framework/Versions/A/Frameworks/loginsupport.framework/Versions/A/loginsupport
0x00000000077b8000 	/System/Library/PrivateFrameworks/TCC.framework/Versions/A/TCC
0x00000000077b8000 	/usr/lib/libmecabra.dylib
0x00000000077b8000 	/System/Library/Frameworks/ApplicationServices.framework/Versions/A/Frameworks/ATS.framework/Versions/A/ATS
0x00000000077b8000 	/System/Library/Frameworks/ApplicationServices.framework/Versions/A/Frameworks/ColorSync.framework/Versions/A/ColorSync
0x00000000077b8000 	/System/Library/Frameworks/ApplicationServices.framework/Versions/A/Frameworks/HIServices.framework/Versions/A/HIServices
0x00000000077b8000 	/System/Library/Frameworks/ApplicationServices.framework/Versions/A/Frameworks/LangAnalysis.framework/Versions/A/LangAnalysis
0x00000000077b8000 	/System/Library/Frameworks/ApplicationServices.framework/Versions/A/Frameworks/PrintCore.framework/Versions/A/PrintCore
0x00000000077b8000 	/System/Library/Frameworks/ApplicationServices.framework/Versions/A/Frameworks/QD.framework/Versions/A/QD
0x00000000077b8000 	/System/Library/Frameworks/ApplicationServices.framework/Versions/A/Frameworks/SpeechSynthesis.framework/Versions/A/SpeechSynthesis
0x00000000077b8000 	/System/Library/Frameworks/Accelerate.framework/Versions/A/Accelerate
0x00000000077b8000 	/System/Library/Frameworks/Accelerate.framework/Versions/A/Frameworks/vImage.framework/Versions/A/vImage
0x00000000077b8000 	/System/Library/Frameworks/Accelerate.framework/Versions/A/Frameworks/vecLib.framework/Versions/A/vecLib
0x00000000077b8000 	/System/Library/Frameworks/Accelerate.framework/Versions/A/Frameworks/vecLib.framework/Versions/A/libvDSP.dylib
0x00000000077b8000 	/System/Library/Frameworks/Accelerate.framework/Versions/A/Frameworks/vecLib.framework/Versions/A/libvMisc.dylib
0x00000000077b8000 	/System/Library/Frameworks/Accelerate.framework/Versions/A/Frameworks/vecLib.framework/Versions/A/libLAPACK.dylib
0x00000000077b8000 	/System/Library/Frameworks/Accelerate.framework/Versions/A/Frameworks/vecLib.framework/Versions/A/libBLAS.dylib
0x00000000077b8000 	/System/Library/Frameworks/Accelerate.framework/Versions/A/Frameworks/vecLib.framework/Versions/A/libLinearAlgebra.dylib
0x00000000077b8000 	/System/Library/Frameworks/ApplicationServices.framework/Versions/A/Frameworks/ATS.framework/Versions/A/Resources/libFontParser.dylib
0x00000000077b8000 	/System/Library/Frameworks/ApplicationServices.framework/Versions/A/Frameworks/ATS.framework/Versions/A/Resources/libFontRegistry.dylib
0x00000000077b8000 	/System/Library/PrivateFrameworks/AppleVPA.framework/Versions/A/AppleVPA
0x00000000077b8000 	/System/Library/PrivateFrameworks/AppleJPEG.framework/Versions/A/AppleJPEG
0x00000000077b8000 	/System/Library/Frameworks/ImageIO.framework/Versions/A/Resources/libJPEG.dylib
0x00000000077b8000 	/System/Library/Frameworks/ImageIO.framework/Versions/A/Resources/libTIFF.dylib
0x00000000077b8000 	/System/Library/Frameworks/ImageIO.framework/Versions/A/Resources/libPng.dylib
0x00000000077b8000 	/System/Library/Frameworks/ImageIO.framework/Versions/A/Resources/libGIF.dylib
0x00000000077b8000 	/System/Library/Frameworks/ImageIO.framework/Versions/A/Resources/libJP2.dylib
0x00000000077b8000 	/System/Library/Frameworks/ImageIO.framework/Versions/A/Resources/libRadiance.dylib
0x00000000077b8000 	/System/Library/Frameworks/CoreVideo.framework/Versions/A/CoreVideo
0x00000000077b8000 	/System/Library/Frameworks/OpenGL.framework/Versions/A/Libraries/libGLU.dylib
0x00000000077b8000 	/System/Library/Frameworks/OpenGL.framework/Versions/A/Libraries/libGFXShared.dylib
0x00000000077b8000 	/System/Library/Frameworks/OpenGL.framework/Versions/A/Libraries/libGL.dylib
0x00000000077b8000 	/System/Library/Frameworks/OpenGL.framework/Versions/A/Libraries/libGLImage.dylib
0x00000000077b8000 	/System/Library/Frameworks/OpenGL.framework/Versions/A/Libraries/libCVMSPluginSupport.dylib
0x00000000077b8000 	/System/Library/Frameworks/OpenGL.framework/Versions/A/Libraries/libCoreVMClient.dylib
0x00000000077b8000 	/usr/lib/libcups.2.dylib
0x00000000077b8000 	/System/Library/Frameworks/Kerberos.framework/Versions/A/Kerberos
0x00000000077b8000 	/System/Library/Frameworks/GSS.framework/Versions/A/GSS
0x00000000077b8000 	/usr/lib/libresolv.9.dylib
0x00000000077b8000 	/usr/lib/libiconv.2.dylib
0x00000000077b8000 	/System/Library/PrivateFrameworks/Heimdal.framework/Versions/A/Heimdal
0x00000000077b8000 	/usr/lib/libheimdal-asn1.dylib
0x00000000077b8000 	/System/Library/Frameworks/OpenDirectory.framework/Versions/A/OpenDirectory
0x00000000077b8000 	/System/Library/PrivateFrameworks/CommonAuth.framework/Versions/A/CommonAuth
0x00000000077b8000 	/System/Library/Frameworks/OpenDirectory.framework/Versions/A/Frameworks/CFOpenDirectory.framework/Versions/A/CFOpenDirectory
0x00000000077b8000 	/System/Library/Frameworks/SecurityFoundation.framework/Versions/A/SecurityFoundation
0x00000000077b8000 	/System/Library/PrivateFrameworks/LanguageModeling.framework/Versions/A/LanguageModeling
0x00000000077b8000 	/usr/lib/libcmph.dylib
0x00000000077b8000 	/System/Library/Frameworks/ServiceManagement.framework/Versions/A/ServiceManagement
0x00000000077b8000 	/usr/lib/libxslt.1.dylib
0x00000000077b8000 	/System/Library/Frameworks/Carbon.framework/Versions/A/Frameworks/Ink.framework/Versions/A/Ink
0x00000000077b8000 	/System/Library/Frameworks/QuartzCore.framework/Versions/A/Frameworks/CoreImage.framework/Versions/A/CoreImage
0x00000000077b8000 	/System/Library/PrivateFrameworks/CrashReporterSupport.framework/Versions/A/CrashReporterSupport
0x00000000077b8000 	/System/Library/Frameworks/OpenCL.framework/Versions/A/OpenCL
0x00000000077b8000 	/System/Library/PrivateFrameworks/FaceCore.framework/Versions/A/FaceCore
0x00000000077b8000 	/System/Library/PrivateFrameworks/Ubiquity.framework/Versions/A/Ubiquity
0x00000000077b8000 	/System/Library/PrivateFrameworks/IconServices.framework/Versions/A/IconServices
0x00000000077b8000 	/System/Library/PrivateFrameworks/ChunkingLibrary.framework/Versions/A/ChunkingLibrary
0x00000000077b8000 	/System/Library/PrivateFrameworks/Apple80211.framework/Versions/A/Apple80211
0x00000000077b8000 	/System/Library/Frameworks/CoreWLAN.framework/Versions/A/CoreWLAN
0x00000000077b8000 	/System/Library/Frameworks/IOBluetooth.framework/Versions/A/IOBluetooth
0x00000000077b8000 	/System/Library/PrivateFrameworks/CoreWiFi.framework/Versions/A/CoreWiFi
0x00000000077b8000 	/System/Library/Frameworks/CoreBluetooth.framework/Versions/A/CoreBluetooth
0x00000000077b8000 	/System/Library/PrivateFrameworks/DebugSymbols.framework/Versions/A/DebugSymbols
0x00000000077b8000 	/System/Library/PrivateFrameworks/CoreSymbolication.framework/Versions/A/CoreSymbolication
0x00000000077b8000 	/System/Library/PrivateFrameworks/Symbolication.framework/Versions/A/Symbolication
0x00000000077b8000 	/System/Library/PrivateFrameworks/SpeechRecognitionCore.framework/Versions/A/SpeechRecognitionCore
0x000000010bfca000 	/Library/Java/JavaVirtualMachines/jdk1.8.0_40.jdk/Contents/Home/jre/lib/server/libjvm.dylib
0x00000000077b8000 	/usr/lib/libstdc++.6.dylib
0x000000010cf4a000 	/Library/Java/JavaVirtualMachines/jdk1.8.0_40.jdk/Contents/Home/jre/lib/libverify.dylib
0x000000010cf58000 	/Library/Java/JavaVirtualMachines/jdk1.8.0_40.jdk/Contents/Home/jre/lib/libjava.dylib
0x000000010cf97000 	/Library/Java/JavaVirtualMachines/jdk1.8.0_40.jdk/Contents/Home/jre/lib/libzip.dylib
0x000000012392a000 	/System/Library/Frameworks/JavaVM.framework/Frameworks/JavaRuntimeSupport.framework/JavaRuntimeSupport
0x0000000123942000 	/System/Library/Frameworks/JavaVM.framework/Versions/A/Frameworks/JavaNativeFoundation.framework/Versions/A/JavaNativeFoundation
0x000000010cff1000 	/System/Library/Frameworks/JavaVM.framework/Versions/A/JavaVM
0x00000000077b8000 	/System/Library/Frameworks/Carbon.framework/Versions/A/Carbon
0x0000000123957000 	/System/Library/PrivateFrameworks/JavaLaunching.framework/Versions/A/JavaLaunching
0x00000000077b8000 	/System/Library/Frameworks/Carbon.framework/Versions/A/Frameworks/CommonPanels.framework/Versions/A/CommonPanels
0x00000000077b8000 	/System/Library/Frameworks/Carbon.framework/Versions/A/Frameworks/Help.framework/Versions/A/Help
0x00000000077b8000 	/System/Library/Frameworks/Carbon.framework/Versions/A/Frameworks/ImageCapture.framework/Versions/A/ImageCapture
0x00000000077b8000 	/System/Library/Frameworks/Carbon.framework/Versions/A/Frameworks/OpenScripting.framework/Versions/A/OpenScripting
0x00000000077b8000 	/System/Library/Frameworks/Carbon.framework/Versions/A/Frameworks/Print.framework/Versions/A/Print
0x00000000077b8000 	/System/Library/Frameworks/Carbon.framework/Versions/A/Frameworks/SecurityHI.framework/Versions/A/SecurityHI
0x0000000125a21000 	/Applications/IntelliJ IDEA 14.app/Contents/bin/libbreakgen64.jnilib
0x0000000125b27000 	/Library/Java/JavaVirtualMachines/jdk1.8.0_40.jdk/Contents/Home/jre/lib/libnet.dylib
0x0000000125c1c000 	/Library/Java/JavaVirtualMachines/jdk1.8.0_40.jdk/Contents/Home/jre/lib/libmanagement.dylib
0x0000000126088000 	/Library/Java/JavaVirtualMachines/jdk1.8.0_40.jdk/Contents/Home/jre/lib/libnio.dylib
0x000000012629e000 	/Library/Java/JavaVirtualMachines/jdk1.8.0_40.jdk/Contents/Home/jre/lib/libprism_es2.dylib
0x00000000077b8000 	/System/Library/Frameworks/OpenGL.framework/Versions/A/Resources/GLEngine.bundle/GLEngine
0x00000000077b8000 	/System/Library/Frameworks/OpenGL.framework/Versions/A/Libraries/libGLProgrammability.dylib
0x0000000000000000 	/System/Library/Extensions/AppleIntelHD5000GraphicsGLDriver.bundle/Contents/MacOS/AppleIntelHD5000GraphicsGLDriver
0x00000000077b8000 	/System/Library/PrivateFrameworks/IOAccelerator.framework/Versions/A/IOAccelerator
0x00000000077b8000 	/System/Library/PrivateFrameworks/GPUSupport.framework/Versions/A/Libraries/libGPUSupportMercury.dylib
0x00000000077b8000 	/System/Library/Frameworks/OpenGL.framework/Versions/A/Resources/GLRendererFloat.bundle/GLRendererFloat
0x00000000077b8000 	/System/Library/Frameworks/OpenCL.framework/Versions/A/Libraries/libcldcpuengine.dylib
0x00000000077b8000 	/System/Library/PrivateFrameworks/DiskImages.framework/Versions/A/DiskImages
0x00000000077b8000 	/System/Library/Frameworks/DiscRecording.framework/Versions/A/DiscRecording
0x00000000077b8000 	/usr/lib/libcsfde.dylib
0x00000000077b8000 	/usr/lib/libcurl.4.dylib
0x00000000077b8000 	/System/Library/PrivateFrameworks/MediaKit.framework/Versions/A/MediaKit
0x00000000077b8000 	/System/Library/PrivateFrameworks/ProtectedCloudStorage.framework/Versions/A/ProtectedCloudStorage
0x00000000077b8000 	/usr/lib/libCoreStorage.dylib
0x00000000077b8000 	/System/Library/PrivateFrameworks/EFILogin.framework/Versions/A/EFILogin
0x00000000077b8000 	/usr/lib/libutil.dylib
0x00000000077b8000 	/System/Library/PrivateFrameworks/FindMyDevice.framework/Versions/A/FindMyDevice
0x00000000077b8000 	/System/Library/Frameworks/LDAP.framework/Versions/A/LDAP
0x00000000077b8000 	/usr/lib/libsasl2.2.dylib
0x00000000077b8000 	/System/Library/PrivateFrameworks/CoreDaemon.framework/Versions/B/CoreDaemon
0x00000000077b8000 	/usr/lib/libcrypto.0.9.8.dylib
0x00000000077b8000 	/System/Library/PrivateFrameworks/AppleSRP.framework/Versions/A/AppleSRP
0x00000000077b8000 	/System/Library/PrivateFrameworks/TrustEvaluationAgent.framework/Versions/A/TrustEvaluationAgent
0x0000000126950000 	/Library/Java/JavaVirtualMachines/jdk1.8.0_40.jdk/Contents/Home/jre/lib/libglass.dylib
0x00000000077b8000 	/System/Library/PrivateFrameworks/CoreServicesInternal.framework/Versions/A/CoreServicesInternal
0x00000000077b8000 	/System/Library/PrivateFrameworks/CloudDocs.framework/Versions/A/CloudDocs
0x00000000077b8000 	/System/Library/PrivateFrameworks/CoreDuet.framework/Versions/A/CoreDuet
0x00000000077b8000 	/System/Library/Frameworks/CloudKit.framework/Versions/A/CloudKit
0x00000000077b8000 	/System/Library/PrivateFrameworks/ProtocolBuffer.framework/Versions/A/ProtocolBuffer
0x00000000077b8000 	/System/Library/PrivateFrameworks/CoreDuetDaemonProtocol.framework/Versions/A/CoreDuetDaemonProtocol
0x00000000077b8000 	/System/Library/PrivateFrameworks/CoreDuetDebugLogging.framework/Versions/A/CoreDuetDebugLogging
0x00000000077b8000 	/System/Library/PrivateFrameworks/MMCS.framework/Versions/A/MMCS
0x00000000077b8000 	/System/Library/Frameworks/CoreLocation.framework/Versions/A/CoreLocation
0x00000000077b8000 	/System/Library/PrivateFrameworks/GeoServices.framework/Versions/A/GeoServices
0x00000000077b8000 	/System/Library/Frameworks/CoreGraphics.framework/Versions/A/Resources/libCGCMS.A.dylib
0x00000000077b8000 	/System/Library/CoreServices/RawCamera.bundle/Contents/MacOS/RawCamera
0x00000000077b8000 	/System/Library/Frameworks/CoreGraphics.framework/Versions/A/Resources/libRIP.A.dylib
0x00000000077b8000 	/System/Library/PrivateFrameworks/FamilyControls.framework/Versions/A/FamilyControls
0x00000000077b8000 	/System/Library/PrivateFrameworks/CommerceKit.framework/Versions/A/Frameworks/CommerceCore.framework/Versions/A/CommerceCore
0x00000000077b8000 	/System/Library/PrivateFrameworks/SystemAdministration.framework/Versions/A/SystemAdministration
0x00000000077b8000 	/System/Library/PrivateFrameworks/AppContainer.framework/Versions/A/AppContainer
0x00000000077b8000 	/System/Library/PrivateFrameworks/SecCodeWrapper.framework/Versions/A/SecCodeWrapper
0x00000000077b8000 	/System/Library/Frameworks/DirectoryService.framework/Versions/A/DirectoryService
0x00000000077b8000 	/System/Library/PrivateFrameworks/LoginUIKit.framework/Versions/A/Frameworks/LoginUICore.framework/Versions/A/LoginUICore
0x00000000077b8000 	/usr/lib/libodfde.dylib
0x000000012afb6000 	/Library/Java/JavaVirtualMachines/jdk1.8.0_40.jdk/Contents/Home/jre/lib/libjavafx_font.dylib
0x00000000077b8000 	/System/Library/Frameworks/CoreGraphics.framework/Versions/A/Resources/libCGXType.A.dylib
0x0000000128480000 	cl_kernels
0x000000012d54f000 	/System/Library/Frameworks/OpenCL.framework/Versions/A/Libraries/ImageFormats/unorm8_bgra.dylib
0x00000001285e4000 	cl_kernels
0x0000000125c9e000 	/Library/Java/JavaVirtualMachines/jdk1.8.0_40.jdk/Contents/Home/jre/lib/libprism_common.dylib
0x000000012bac2000 	/Library/Java/JavaVirtualMachines/jdk1.8.0_40.jdk/Contents/Home/jre/lib/libjavafx_iio.dylib
0x0000000126ab1000 	/System/Library/Frameworks/Security.framework/PlugIns/csparser.bundle/Contents/MacOS/csparser
0x00000000077b8000 	/System/Library/PrivateFrameworks/FinderKit.framework/Versions/A/FinderKit
0x00000000077b8000 	/System/Library/PrivateFrameworks/Suggestions.framework/Versions/A/Suggestions
0x00000000077b8000 	/System/Library/Frameworks/Quartz.framework/Versions/A/Frameworks/QuickLookUI.framework/Versions/A/QuickLookUI
0x00000000077b8000 	/System/Library/Frameworks/Quartz.framework/Versions/A/Frameworks/ImageKit.framework/Versions/A/ImageKit
0x00000000077b8000 	/System/Library/PrivateFrameworks/Bom.framework/Versions/A/Bom
0x00000000077b8000 	/System/Library/Frameworks/QuickLook.framework/Versions/A/QuickLook
0x00000000077b8000 	/System/Library/PrivateFrameworks/AppleSystemInfo.framework/Versions/A/AppleSystemInfo
0x00000000077b8000 	/System/Library/Frameworks/ImageCaptureCore.framework/Versions/A/ImageCaptureCore
0x00000000077b8000 	/System/Library/Frameworks/AddressBook.framework/Versions/A/AddressBook
0x00000000077b8000 	/System/Library/PrivateFrameworks/IntlPreferences.framework/Versions/A/IntlPreferences
0x00000000077b8000 	/System/Library/PrivateFrameworks/ToneLibrary.framework/Versions/A/ToneLibrary
0x00000000077b8000 	/System/Library/PrivateFrameworks/ToneKit.framework/Versions/A/ToneKit
0x00000000077b8000 	/System/Library/PrivateFrameworks/vCard.framework/Versions/A/vCard
0x00000000077b8000 	/System/Library/PrivateFrameworks/ApplePushService.framework/Versions/A/ApplePushService
0x00000000077b8000 	/System/Library/PrivateFrameworks/ContactsData.framework/Versions/A/ContactsData
0x00000000077b8000 	/System/Library/PrivateFrameworks/ContactsFoundation.framework/Versions/A/ContactsFoundation
0x00000000077b8000 	/System/Library/Frameworks/SecurityInterface.framework/Versions/A/SecurityInterface
0x00000000077b8000 	/System/Library/PrivateFrameworks/PhoneNumbers.framework/Versions/A/PhoneNumbers
0x00000000077b8000 	/System/Library/Frameworks/Quartz.framework/Versions/A/Quartz
0x00000000077b8000 	/System/Library/Frameworks/AVFoundation.framework/Versions/A/AVFoundation
0x00000000077b8000 	/System/Library/Frameworks/AVFoundation.framework/Versions/A/Resources/libAVFAudio.dylib
0x00000000077b8000 	/System/Library/Frameworks/CoreMedia.framework/Versions/A/CoreMedia
0x00000000077b8000 	/System/Library/Frameworks/MediaToolbox.framework/Versions/A/MediaToolbox
0x00000000077b8000 	/System/Library/Frameworks/VideoToolbox.framework/Versions/A/VideoToolbox
0x00000000077b8000 	/System/Library/Frameworks/CoreMediaIO.framework/Versions/A/CoreMediaIO
0x00000000077b8000 	/System/Library/PrivateFrameworks/MediaControlSender.framework/Versions/A/MediaControlSender
0x00000000077b8000 	/System/Library/PrivateFrameworks/CoreAVCHD.framework/Versions/A/CoreAVCHD
0x00000000077b8000 	/System/Library/Frameworks/MediaAccessibility.framework/Versions/A/MediaAccessibility
0x00000000077b8000 	/System/Library/PrivateFrameworks/Mangrove.framework/Versions/A/Mangrove
0x00000000077b8000 	/System/Library/PrivateFrameworks/CoreAUC.framework/Versions/A/CoreAUC
0x00000000077b8000 	/System/Library/PrivateFrameworks/NetworkStatistics.framework/Versions/A/NetworkStatistics
0x00000000077b8000 	/System/Library/PrivateFrameworks/AirPlaySupport.framework/Versions/A/AirPlaySupport
0x00000000077b8000 	/System/Library/PrivateFrameworks/CoreUtils.framework/Versions/A/CoreUtils
0x00000000077b8000 	/System/Library/PrivateFrameworks/AppleVA.framework/Versions/A/AppleVA
0x00000000077b8000 	/System/Library/PrivateFrameworks/XPCService.framework/Versions/A/XPCService
0x00000000077b8000 	/System/Library/PrivateFrameworks/AppSandbox.framework/Versions/A/AppSandbox
0x00000000077b8000 	/usr/lib/libsandbox.1.dylib
0x00000000077b8000 	/usr/lib/libMatch.1.dylib
0x00000000077b8000 	/System/Library/PrivateFrameworks/SafariServices.framework/Versions/A/SafariServices
0x00000000077b8000 	/usr/lib/libspindump.dylib
0x00000000077b8000 	/System/Library/Frameworks/QTKit.framework/Versions/A/QTKit
0x00000000077b8000 	/System/Library/PrivateFrameworks/CoreMediaAuthoring.framework/Versions/A/CoreMediaAuthoring
0x00000000077b8000 	/System/Library/Frameworks/Quartz.framework/Versions/A/Frameworks/QuartzComposer.framework/Versions/A/QuartzComposer
0x00000000077b8000 	/System/Library/Frameworks/Quartz.framework/Versions/A/Frameworks/PDFKit.framework/Versions/A/PDFKit
0x00000000077b8000 	/System/Library/Frameworks/Quartz.framework/Versions/A/Frameworks/QuartzFilters.framework/Versions/A/QuartzFilters
0x00000000077b8000 	/System/Library/Frameworks/JavaScriptCore.framework/Versions/A/JavaScriptCore
0x00000000077b8000 	/System/Library/PrivateFrameworks/CorePDF.framework/Versions/A/CorePDF
0x00000000077b8000 	/System/Library/PrivateFrameworks/DisplayServices.framework/Versions/A/DisplayServices
0x00000000077b8000 	/System/Library/PrivateFrameworks/AppleFSCompression.framework/Versions/A/AppleFSCompression
0x0000000125e4a000 	/System/Library/PrivateFrameworks/CacheDelete.framework/CacheDelete
0x00000000077b8000 	/System/Library/PrivateFrameworks/PlugInKit.framework/Versions/A/PlugInKit
0x00000001283ac000 	cl_kernels
0x000000012ff64000 	/System/Library/Frameworks/OpenCL.framework/Versions/A/Libraries/ImageFormats/unorm8_rgba.dylib
0x000000012b9e2000 	cl_kernels
0x000000012b9f3000 	cl_kernels
0x000000012b9f7000 	cl_kernels

VM Arguments:
jvm_args: -Didea.launcher.port=7535 -Didea.launcher.bin.path=/Applications/IntelliJ IDEA 14.app/Contents/bin -Dfile.encoding=UTF-8 
java_command: com.intellij.rt.execution.application.AppMain sepm.ss15.grp16.gui.Main
java_class_path (initial): /Library/Java/JavaVirtualMachines/jdk1.8.0_40.jdk/Contents/Home/lib/ant-javafx.jar:/Library/Java/JavaVirtualMachines/jdk1.8.0_40.jdk/Contents/Home/lib/dt.jar:/Library/Java/JavaVirtualMachines/jdk1.8.0_40.jdk/Contents/Home/lib/javafx-mx.jar:/Library/Java/JavaVirtualMachines/jdk1.8.0_40.jdk/Contents/Home/lib/jconsole.jar:/Library/Java/JavaVirtualMachines/jdk1.8.0_40.jdk/Contents/Home/lib/packager.jar:/Library/Java/JavaVirtualMachines/jdk1.8.0_40.jdk/Contents/Home/lib/sa-jdi.jar:/Library/Java/JavaVirtualMachines/jdk1.8.0_40.jdk/Contents/Home/lib/tools.jar:/Library/Java/JavaVirtualMachines/jdk1.8.0_40.jdk/Contents/Home/jre/lib/charsets.jar:/Library/Java/JavaVirtualMachines/jdk1.8.0_40.jdk/Contents/Home/jre/lib/deploy.jar:/Library/Java/JavaVirtualMachines/jdk1.8.0_40.jdk/Contents/Home/jre/lib/javaws.jar:/Library/Java/JavaVirtualMachines/jdk1.8.0_40.jdk/Contents/Home/jre/lib/jce.jar:/Library/Java/JavaVirtualMachines/jdk1.8.0_40.jdk/Contents/Home/jre/lib/jfr.jar:/Library/Java/JavaVirtualMachines/jdk1.8.0_40.jdk/Contents/Home/jre/lib/jfxswt.jar:/Library/Java/JavaVirtualMachines/jdk1.8.0_40.jdk/Contents/Home/jre/lib/jsse.jar:/Library/Java/JavaVirtualMachines/jdk1.8.0_40.jdk/Contents/Home/jre/lib/management-agent.jar:/Library/Java/JavaVirtualMachines/jdk1.8.0_40.jdk/Contents/Home/jre/lib/plugin.jar:/Library/Java/JavaVirtualMachines/jdk1.8.0_40.jdk/Contents/Home/jre/lib/resources.jar:/Library/Java/JavaVirtualMachines/jdk1.8.0_40.jdk/Contents/Home/jre/lib/rt.jar:/Library/Java/JavaVirtualMachines/jdk1.8.0_40.jdk/Contents/Home/jre/lib/ext/cldrdata.jar:/Library/Java/JavaVirtualMachines/jdk1.8.0_40.jdk/Contents/Home/jre/lib/ext/dnsns.jar:/Library/Java/JavaVirtualMachines/jdk1.8.0_40.jdk/Contents/Home/jre/lib/ext/jfxrt.jar:/Library/Java/JavaVirtualMachines/jdk1.8.0_40.jdk/Contents/Home/jre/lib/ext/localedata.jar:/Library/Java/JavaVirtualMachines/jdk1.8.0_40.jdk/Contents/Home/jre/lib/ext/nashorn.jar:/Library/Java/JavaVirtualMachines/jdk1.8.0_40.jdk/Conten
Launcher Type: SUN_STANDARD

Environment Variables:
PATH=/opt/local/bin:/opt/local/sbin:/usr/local/bin:/usr/bin:/bin:/usr/sbin:/sbin:/opt/X11/bin:/usr/local/git/bin:/usr/local/MacGPG2/bin
SHELL=/bin/bash
DISPLAY=/private/tmp/com.apple.launchd.ea3cNgh6OD/org.macosforge.xquartz:0

Signal Handlers:
SIGSEGV: [libjvm.dylib+0x58ef95], sa_mask[0]=11111111011111110111111111111111, sa_flags=SA_ONSTACK|SA_RESTART|SA_SIGINFO
SIGBUS: [libjvm.dylib+0x58ef95], sa_mask[0]=11111111011111110111111111111111, sa_flags=SA_RESTART|SA_SIGINFO
SIGFPE: [libjvm.dylib+0x46c118], sa_mask[0]=11111111011111110111111111111111, sa_flags=SA_RESTART|SA_SIGINFO
SIGPIPE: [libjvm.dylib+0x46c118], sa_mask[0]=11111111011111110111111111111111, sa_flags=SA_RESTART|SA_SIGINFO
SIGXFSZ: [libjvm.dylib+0x46c118], sa_mask[0]=11111111011111110111111111111111, sa_flags=SA_RESTART|SA_SIGINFO
SIGILL: [libjvm.dylib+0x46c118], sa_mask[0]=11111111011111110111111111111111, sa_flags=SA_RESTART|SA_SIGINFO
SIGUSR1: SIG_DFL, sa_mask[0]=00000000000000000000000000000000, sa_flags=none
SIGUSR2: [libjvm.dylib+0x46bc36], sa_mask[0]=00100000000000000000000000000000, sa_flags=SA_RESTART|SA_SIGINFO
SIGHUP: [libjvm.dylib+0x46a209], sa_mask[0]=11111111011111110111111111111111, sa_flags=SA_RESTART|SA_SIGINFO
SIGINT: [libjvm.dylib+0x46a209], sa_mask[0]=11111111011111110111111111111111, sa_flags=SA_RESTART|SA_SIGINFO
SIGTERM: [libjvm.dylib+0x46a209], sa_mask[0]=11111111011111110111111111111111, sa_flags=SA_RESTART|SA_SIGINFO
SIGQUIT: [libjvm.dylib+0x46a209], sa_mask[0]=11111111011111110111111111111111, sa_flags=SA_RESTART|SA_SIGINFO


---------------  S Y S T E M  ---------------

OS:Bsduname:Darwin 14.3.0 Darwin Kernel Version 14.3.0: Mon Mar 23 11:59:05 PDT 2015; root:xnu-2782.20.48~5/RELEASE_X86_64 x86_64
rlimit: STACK 8192k, CORE 0k, NPROC 709, NOFILE 10240, AS infinity
load average:3.82 2.77 2.80

CPU:total 4 (2 cores per cpu, 2 threads per core) family 6 model 69 stepping 1, cmov, cx8, fxsr, mmx, sse, sse2, sse3, ssse3, sse4.1, sse4.2, popcnt, avx, avx2, aes, clmul, erms, lzcnt, ht, tsc, tscinvbit, bmi1, bmi2

Memory: 4k page, physical 8388608k(52120k free)

/proc/meminfo:


vm_info: Java HotSpot(TM) 64-Bit Server VM (25.40-b25) for bsd-amd64 JRE (1.8.0_40-b26), built on Mar  7 2015 13:53:55 by "java_re" with gcc 4.2.1 (Based on Apple Inc. build 5658) (LLVM build 2336.11.00)

time: Tue May 19 22:53:54 2015
elapsed time: 29 seconds (0d 0h 0m 29s)

